<?xml version="1.0" encoding="UTF-8"?>
<!-- Generated by org.testng.reporters.JUnitReportReporter -->
<testsuite skipped="0" hostname="asklap" name="UseMockito.UseMockito.TestCalculator" tests="2" failures="0" timestamp="27 Sep 2018 06:58:08 GMT" time="0.104" errors="0">
  <testcase name="testPerform" time="0.093" classname="UseMockito.UseMockito.TestCalculator"/>
  <testcase name="testPerformMul" time="0.011" classname="UseMockito.UseMockito.TestCalculator"/>
</testsuite> <!-- UseMockito.UseMockito.TestCalculator -->
